<?xml version="1.0" encoding="UTF-8"?>
<!-- Generated by org.testng.reporters.JUnitReportReporter -->
<testsuite skipped="0" hostname="CDC5-L-54227L3" name="excel.Facebook" tests="3" failures="0" timestamp="2020-06-05T23:03:10 IST" time="69.272" errors="0">
  <testcase name="verifyfacebook" time="24.605" classname="excel.Facebook"/>
  <system-out/>
  <testcase name="verifyfacebook" time="24.332" classname="excel.Facebook"/>
  <system-out/>
  <testcase name="verifyfacebook" time="20.335" classname="excel.Facebook"/>
  <system-out/>
</testsuite> <!-- excel.Facebook -->
